c:\project2_244997526\codeanalyzerex\analyzer\x64\debug\vc140.pdb
c:\project2_244997526\codeanalyzerex\analyzer\x64\debug\vc140.idb
c:\project2_244997526\codeanalyzerex\analyzer\x64\debug\abstrsyntree.obj
c:\project2_244997526\codeanalyzerex\analyzer\x64\debug\dependencyanalysis.obj
c:\project2_244997526\codeanalyzerex\analyzer\x64\debug\filemgr.obj
c:\project2_244997526\codeanalyzerex\analyzer\x64\debug\filesystem.obj
c:\project2_244997526\codeanalyzerex\analyzer\x64\debug\grammarhelpers.obj
c:\project2_244997526\codeanalyzerex\analyzer\x64\debug\logger.obj
c:\project2_244997526\codeanalyzerex\analyzer\x64\debug\nosqldb.obj
c:\project2_244997526\codeanalyzerex\analyzer\x64\debug\actionsandrules.obj
c:\project2_244997526\codeanalyzerex\analyzer\x64\debug\configureparser.obj
c:\project2_244997526\codeanalyzerex\analyzer\x64\debug\parser.obj
c:\project2_244997526\codeanalyzerex\analyzer\x64\debug\scopestack.obj
c:\project2_244997526\codeanalyzerex\analyzer\x64\debug\semiexp.obj
c:\project2_244997526\codeanalyzerex\analyzer\x64\debug\tokenizer.obj
c:\project2_244997526\codeanalyzerex\analyzer\x64\debug\typetable.obj
c:\project2_244997526\codeanalyzerex\analyzer\x64\debug\utilities.obj
c:\project2_244997526\codeanalyzerex\analyzer\x64\debug\xmlelement.obj
c:\project2_244997526\codeanalyzerex\analyzer\x64\debug\depanal.obj
c:\project2_244997526\codeanalyzerex\analyzer\x64\debug\executive.obj
c:\project2_244997526\codeanalyzerex\x64\debug\codeanalyzer.ilk
c:\project2_244997526\codeanalyzerex\x64\debug\codeanalyzer.exe
c:\project2_244997526\codeanalyzerex\x64\debug\codeanalyzer.pdb
c:\project2_244997526\codeanalyzerex\analyzer\x64\debug\executive.vcxprojresolveassemblyreference.cache
c:\project2_244997526\codeanalyzerex\analyzer\x64\debug\codeanalyzer.tlog\cl.command.1.tlog
c:\project2_244997526\codeanalyzerex\analyzer\x64\debug\codeanalyzer.tlog\cl.read.1.tlog
c:\project2_244997526\codeanalyzerex\analyzer\x64\debug\codeanalyzer.tlog\cl.write.1.tlog
c:\project2_244997526\codeanalyzerex\analyzer\x64\debug\codeanalyzer.tlog\link.command.1.tlog
c:\project2_244997526\codeanalyzerex\analyzer\x64\debug\codeanalyzer.tlog\link.read.1.tlog
c:\project2_244997526\codeanalyzerex\analyzer\x64\debug\codeanalyzer.tlog\link.write.1.tlog
